2022-09-25 10:29:29,427 [Worker-6: Loading available Gradle versions] INFO  o.e.b.c.i.u.g.PublishedGradleVersions - Gradle version information cache is up-to-date. Trying to read.
2022-09-25 10:50:05,727 [Worker-1: Loading available Gradle versions] INFO  o.e.b.c.i.u.g.PublishedGradleVersions - Gradle version information cache is up-to-date. Trying to read.
2022-09-25 21:40:25,323 [Worker-2: Loading available Gradle versions] INFO  o.e.b.c.i.u.g.PublishedGradleVersions - Gradle version information cache is up-to-date. Trying to read.
2022-09-25 21:42:59,510 [Worker-1: Creating project "jeep-sales"] INFO  o.e.m.c.i.l.LifecycleMappingFactory - Using org.eclipse.m2e.jdt.JarLifecycleMapping lifecycle mapping for MavenProject: com.promineotech:jeep-sales:0.0.1-SNAPSHOT @ C:\Users\nicho\eclipse-workspace\Spring-Boot\jeep-sales\pom.xml.
2022-09-25 21:43:03,585 [Worker-1: Creating project "jeep-sales"] INFO  o.e.m.j.i.AbstractJavaProjectConfigurator - Adding source folder /jeep-sales/src/main/java
2022-09-25 21:43:03,592 [Worker-1: Creating project "jeep-sales"] INFO  o.e.m.j.i.AbstractJavaProjectConfigurator - Adding resource folder /jeep-sales/src/main/resources
2022-09-25 21:43:03,596 [Worker-1: Creating project "jeep-sales"] INFO  o.e.m.j.i.AbstractJavaProjectConfigurator - Adding source folder /jeep-sales/src/test/java
2022-09-25 21:43:03,598 [Worker-1: Creating project "jeep-sales"] INFO  o.e.m.j.i.AbstractJavaProjectConfigurator - Adding resource folder /jeep-sales/src/test/resources
2022-09-25 21:43:09,973 [Worker-1: Building] WARN  o.e.m.c.i.embedder.EclipseLogger - Using platform encoding (Cp1252 actually) to copy filtered resources, i.e. build is platform dependent!
2022-09-25 21:43:09,999 [Worker-1: Building] INFO  o.e.m.c.i.embedder.EclipseLogger - Copying 0 resource
2022-09-25 21:43:10,014 [Worker-1: Building] WARN  o.e.m.c.i.embedder.EclipseLogger - Using platform encoding (Cp1252 actually) to copy filtered resources, i.e. build is platform dependent!
2022-09-25 21:43:10,018 [Worker-1: Building] INFO  o.e.m.c.i.embedder.EclipseLogger - Copying 0 resource
2022-09-25 21:54:16,681 [Worker-10: Building] INFO  o.e.m.c.i.l.LifecycleMappingFactory - Using org.eclipse.m2e.jdt.JarLifecycleMapping lifecycle mapping for MavenProject: com.promineotech:jeep-sales:0.0.1-SNAPSHOT @ C:\Users\nicho\eclipse-workspace\Spring-Boot\jeep-sales\pom.xml.
2022-09-25 21:54:34,247 [Worker-10: Building] INFO  o.e.m.c.i.embedder.EclipseLogger - Using 'UTF-8' encoding to copy filtered resources.
2022-09-25 21:54:34,249 [Worker-10: Building] INFO  o.e.m.c.i.embedder.EclipseLogger - Using 'UTF-8' encoding to copy filtered properties files.
2022-09-25 21:54:34,262 [Worker-10: Building] INFO  o.e.m.c.i.embedder.EclipseLogger - Copying 0 resource
2022-09-25 21:54:34,264 [Worker-10: Building] INFO  o.e.m.c.i.embedder.EclipseLogger - Copying 0 resource
2022-09-25 21:54:34,282 [Worker-10: Building] INFO  o.e.m.c.i.embedder.EclipseLogger - Using 'UTF-8' encoding to copy filtered resources.
2022-09-25 21:54:34,283 [Worker-10: Building] INFO  o.e.m.c.i.embedder.EclipseLogger - Using 'UTF-8' encoding to copy filtered properties files.
2022-09-25 21:54:34,285 [Worker-10: Building] INFO  o.e.m.c.i.embedder.EclipseLogger - Copying 0 resource
2022-09-25 21:54:42,404 [Worker-10: Building] INFO  o.e.m.c.i.embedder.EclipseLogger - Using 'UTF-8' encoding to copy filtered resources.
2022-09-25 21:54:42,405 [Worker-10: Building] INFO  o.e.m.c.i.embedder.EclipseLogger - Using 'UTF-8' encoding to copy filtered properties files.
2022-09-25 21:54:42,413 [Worker-10: Building] INFO  o.e.m.c.i.embedder.EclipseLogger - Copying 0 resource
2022-09-25 21:54:42,415 [Worker-10: Building] INFO  o.e.m.c.i.embedder.EclipseLogger - Copying 0 resource
2022-09-25 21:54:42,467 [Worker-10: Building] INFO  o.e.m.c.i.embedder.EclipseLogger - Using 'UTF-8' encoding to copy filtered resources.
2022-09-25 21:54:42,467 [Worker-10: Building] INFO  o.e.m.c.i.embedder.EclipseLogger - Using 'UTF-8' encoding to copy filtered properties files.
2022-09-25 21:54:42,472 [Worker-10: Building] INFO  o.e.m.c.i.embedder.EclipseLogger - Copying 0 resource
2022-09-25 22:25:04,579 [Worker-17: Building] INFO  o.e.m.c.i.embedder.EclipseLogger - Using 'UTF-8' encoding to copy filtered resources.
2022-09-25 22:25:04,617 [Worker-17: Building] INFO  o.e.m.c.i.embedder.EclipseLogger - Using 'UTF-8' encoding to copy filtered properties files.
2022-09-25 22:25:04,627 [Worker-17: Building] INFO  o.e.m.c.i.embedder.EclipseLogger - Copying 0 resource
2022-09-25 22:25:04,633 [Worker-17: Building] INFO  o.e.m.c.i.embedder.EclipseLogger - Copying 0 resource
2022-09-25 22:25:04,656 [Worker-17: Building] INFO  o.e.m.c.i.embedder.EclipseLogger - Using 'UTF-8' encoding to copy filtered resources.
2022-09-25 22:25:04,657 [Worker-17: Building] INFO  o.e.m.c.i.embedder.EclipseLogger - Using 'UTF-8' encoding to copy filtered properties files.
2022-09-25 22:25:04,661 [Worker-17: Building] INFO  o.e.m.c.i.embedder.EclipseLogger - Copying 0 resource
2022-09-25 22:31:55,134 [Worker-20: Building] INFO  o.e.m.c.i.embedder.EclipseLogger - Using 'UTF-8' encoding to copy filtered resources.
2022-09-25 22:31:55,148 [Worker-20: Building] INFO  o.e.m.c.i.embedder.EclipseLogger - Using 'UTF-8' encoding to copy filtered properties files.
2022-09-25 22:31:55,153 [Worker-20: Building] INFO  o.e.m.c.i.embedder.EclipseLogger - Copying 0 resource
2022-09-25 22:31:55,156 [Worker-20: Building] INFO  o.e.m.c.i.embedder.EclipseLogger - Copying 0 resource
2022-09-25 22:31:55,169 [Worker-20: Building] INFO  o.e.m.c.i.embedder.EclipseLogger - Using 'UTF-8' encoding to copy filtered resources.
2022-09-25 22:31:55,171 [Worker-20: Building] INFO  o.e.m.c.i.embedder.EclipseLogger - Using 'UTF-8' encoding to copy filtered properties files.
2022-09-25 22:31:55,174 [Worker-20: Building] INFO  o.e.m.c.i.embedder.EclipseLogger - Copying 0 resource
2022-09-25 22:31:56,484 [Worker-20: Building] INFO  o.e.m.c.i.embedder.EclipseLogger - Using 'UTF-8' encoding to copy filtered resources.
2022-09-25 22:31:56,486 [Worker-20: Building] INFO  o.e.m.c.i.embedder.EclipseLogger - Using 'UTF-8' encoding to copy filtered properties files.
2022-09-25 22:31:56,487 [Worker-20: Building] INFO  o.e.m.c.i.embedder.EclipseLogger - Copying 0 resource
2022-09-25 22:31:56,488 [Worker-20: Building] INFO  o.e.m.c.i.embedder.EclipseLogger - Copying 0 resource
2022-09-25 22:31:56,500 [Worker-20: Building] INFO  o.e.m.c.i.embedder.EclipseLogger - Using 'UTF-8' encoding to copy filtered resources.
2022-09-25 22:31:56,501 [Worker-20: Building] INFO  o.e.m.c.i.embedder.EclipseLogger - Using 'UTF-8' encoding to copy filtered properties files.
2022-09-25 22:31:56,502 [Worker-20: Building] INFO  o.e.m.c.i.embedder.EclipseLogger - Copying 0 resource
2022-09-25 22:36:42,939 [Worker-17: Launching jeep-sales - JeepSales] INFO  o.e.m.c.i.embedder.EclipseLogger - Using 'UTF-8' encoding to copy filtered resources.
2022-09-25 22:36:42,954 [Worker-17: Launching jeep-sales - JeepSales] INFO  o.e.m.c.i.embedder.EclipseLogger - Using 'UTF-8' encoding to copy filtered properties files.
2022-09-25 22:36:42,960 [Worker-17: Launching jeep-sales - JeepSales] INFO  o.e.m.c.i.embedder.EclipseLogger - Copying 0 resource
2022-09-25 22:36:42,964 [Worker-17: Launching jeep-sales - JeepSales] INFO  o.e.m.c.i.embedder.EclipseLogger - Copying 0 resource
2022-09-25 22:36:42,976 [Worker-17: Launching jeep-sales - JeepSales] INFO  o.e.m.c.i.embedder.EclipseLogger - Using 'UTF-8' encoding to copy filtered resources.
2022-09-25 22:36:42,976 [Worker-17: Launching jeep-sales - JeepSales] INFO  o.e.m.c.i.embedder.EclipseLogger - Using 'UTF-8' encoding to copy filtered properties files.
2022-09-25 22:36:42,978 [Worker-17: Launching jeep-sales - JeepSales] INFO  o.e.m.c.i.embedder.EclipseLogger - Copying 0 resource
2022-09-25 22:56:38,668 [Worker-29: Building] INFO  o.e.m.c.i.embedder.EclipseLogger - Using 'UTF-8' encoding to copy filtered resources.
2022-09-25 22:56:38,679 [Worker-29: Building] INFO  o.e.m.c.i.embedder.EclipseLogger - Using 'UTF-8' encoding to copy filtered properties files.
2022-09-25 22:56:38,684 [Worker-29: Building] INFO  o.e.m.c.i.embedder.EclipseLogger - Copying 0 resource
2022-09-25 22:56:38,686 [Worker-29: Building] INFO  o.e.m.c.i.embedder.EclipseLogger - Copying 0 resource
2022-09-25 22:56:38,708 [Worker-29: Building] INFO  o.e.m.c.i.embedder.EclipseLogger - Using 'UTF-8' encoding to copy filtered resources.
2022-09-25 22:56:38,709 [Worker-29: Building] INFO  o.e.m.c.i.embedder.EclipseLogger - Using 'UTF-8' encoding to copy filtered properties files.
2022-09-25 22:56:38,731 [Worker-29: Building] INFO  o.e.m.c.i.embedder.EclipseLogger - Copying 3 resources
2022-09-25 22:59:41,692 [Worker-27: Updating Maven Project] INFO  o.e.m.c.i.p.ProjectConfigurationManager - Update started
2022-09-25 22:59:48,888 [Worker-27: Updating Maven Project] INFO  o.e.m.c.i.l.LifecycleMappingFactory - Using org.eclipse.m2e.jdt.JarLifecycleMapping lifecycle mapping for MavenProject: com.promineotech:jeep-sales:0.0.1-SNAPSHOT @ C:\Users\nicho\eclipse-workspace\Spring-Boot\jeep-sales\pom.xml.
2022-09-25 23:00:03,692 [Worker-27: Updating Maven Project] INFO  o.e.m.j.i.AbstractJavaProjectConfigurator - Adding source folder /jeep-sales/src/main/java
2022-09-25 23:00:03,697 [Worker-27: Updating Maven Project] INFO  o.e.m.j.i.AbstractJavaProjectConfigurator - Adding resource folder /jeep-sales/src/main/resources
2022-09-25 23:00:03,736 [Worker-27: Updating Maven Project] INFO  o.e.m.j.i.AbstractJavaProjectConfigurator - Adding resource folder /jeep-sales/src/main/resources
2022-09-25 23:00:03,765 [Worker-27: Updating Maven Project] INFO  o.e.m.j.i.AbstractJavaProjectConfigurator - Adding source folder /jeep-sales/src/test/java
2022-09-25 23:00:03,766 [Worker-27: Updating Maven Project] INFO  o.e.m.j.i.AbstractJavaProjectConfigurator - Adding resource folder /jeep-sales/src/test/resources
2022-09-25 23:00:07,111 [Worker-27: Updating Maven Project] INFO  o.e.m.c.i.p.ProjectConfigurationManager - Update completed: 25 sec
2022-09-25 23:00:08,375 [Worker-36: Building] INFO  o.e.m.c.i.embedder.EclipseLogger - Using 'UTF-8' encoding to copy filtered resources.
2022-09-25 23:00:08,376 [Worker-36: Building] INFO  o.e.m.c.i.embedder.EclipseLogger - Using 'UTF-8' encoding to copy filtered properties files.
2022-09-25 23:00:08,378 [Worker-36: Building] INFO  o.e.m.c.i.embedder.EclipseLogger - Copying 0 resource
2022-09-25 23:00:08,380 [Worker-36: Building] INFO  o.e.m.c.i.embedder.EclipseLogger - Copying 0 resource
2022-09-25 23:00:08,393 [Worker-36: Building] INFO  o.e.m.c.i.embedder.EclipseLogger - Using 'UTF-8' encoding to copy filtered resources.
2022-09-25 23:00:08,394 [Worker-36: Building] INFO  o.e.m.c.i.embedder.EclipseLogger - Using 'UTF-8' encoding to copy filtered properties files.
2022-09-25 23:00:08,396 [Worker-36: Building] INFO  o.e.m.c.i.embedder.EclipseLogger - Copying 3 resources
2022-09-25 23:01:47,290 [Worker-35: Building] INFO  o.e.m.c.i.embedder.EclipseLogger - Using 'UTF-8' encoding to copy filtered resources.
2022-09-25 23:01:47,291 [Worker-35: Building] INFO  o.e.m.c.i.embedder.EclipseLogger - Using 'UTF-8' encoding to copy filtered properties files.
2022-09-25 23:01:47,309 [Worker-35: Building] INFO  o.e.m.c.i.embedder.EclipseLogger - Copying 0 resource
2022-09-25 23:01:47,313 [Worker-35: Building] INFO  o.e.m.c.i.embedder.EclipseLogger - Copying 0 resource
2022-09-25 23:01:47,325 [Worker-35: Building] INFO  o.e.m.c.i.embedder.EclipseLogger - Using 'UTF-8' encoding to copy filtered resources.
2022-09-25 23:01:47,326 [Worker-35: Building] INFO  o.e.m.c.i.embedder.EclipseLogger - Using 'UTF-8' encoding to copy filtered properties files.
2022-09-25 23:01:47,335 [Worker-35: Building] INFO  o.e.m.c.i.embedder.EclipseLogger - Copying 3 resources
2022-09-25 23:02:26,792 [Worker-38: Building] INFO  o.e.m.c.i.embedder.EclipseLogger - Using 'UTF-8' encoding to copy filtered resources.
2022-09-25 23:02:26,793 [Worker-38: Building] INFO  o.e.m.c.i.embedder.EclipseLogger - Using 'UTF-8' encoding to copy filtered properties files.
2022-09-25 23:02:26,795 [Worker-38: Building] INFO  o.e.m.c.i.embedder.EclipseLogger - Copying 0 resource
2022-09-25 23:02:26,797 [Worker-38: Building] INFO  o.e.m.c.i.embedder.EclipseLogger - Copying 0 resource
2022-09-25 23:02:26,809 [Worker-38: Building] INFO  o.e.m.c.i.embedder.EclipseLogger - Using 'UTF-8' encoding to copy filtered resources.
2022-09-25 23:02:26,809 [Worker-38: Building] INFO  o.e.m.c.i.embedder.EclipseLogger - Using 'UTF-8' encoding to copy filtered properties files.
2022-09-25 23:02:26,894 [Worker-38: Building] INFO  o.e.m.c.i.embedder.EclipseLogger - Copying 3 resources
2022-09-25 23:04:19,715 [Worker-39: Building] INFO  o.e.m.c.i.embedder.EclipseLogger - Using 'UTF-8' encoding to copy filtered resources.
2022-09-25 23:04:19,716 [Worker-39: Building] INFO  o.e.m.c.i.embedder.EclipseLogger - Using 'UTF-8' encoding to copy filtered properties files.
2022-09-25 23:04:19,718 [Worker-39: Building] INFO  o.e.m.c.i.embedder.EclipseLogger - Copying 0 resource
2022-09-25 23:04:19,721 [Worker-39: Building] INFO  o.e.m.c.i.embedder.EclipseLogger - Copying 0 resource
2022-09-25 23:04:19,735 [Worker-39: Building] INFO  o.e.m.c.i.embedder.EclipseLogger - Using 'UTF-8' encoding to copy filtered resources.
2022-09-25 23:04:19,737 [Worker-39: Building] INFO  o.e.m.c.i.embedder.EclipseLogger - Using 'UTF-8' encoding to copy filtered properties files.
2022-09-25 23:04:19,743 [Worker-39: Building] INFO  o.e.m.c.i.embedder.EclipseLogger - Copying 3 resources
2022-09-25 23:05:07,414 [Worker-38: Building] INFO  o.e.m.c.i.embedder.EclipseLogger - Using 'UTF-8' encoding to copy filtered resources.
2022-09-25 23:05:07,415 [Worker-38: Building] INFO  o.e.m.c.i.embedder.EclipseLogger - Using 'UTF-8' encoding to copy filtered properties files.
2022-09-25 23:05:07,417 [Worker-38: Building] INFO  o.e.m.c.i.embedder.EclipseLogger - Copying 0 resource
2022-09-25 23:05:07,418 [Worker-38: Building] INFO  o.e.m.c.i.embedder.EclipseLogger - Copying 0 resource
2022-09-25 23:05:07,429 [Worker-38: Building] INFO  o.e.m.c.i.embedder.EclipseLogger - Using 'UTF-8' encoding to copy filtered resources.
2022-09-25 23:05:07,430 [Worker-38: Building] INFO  o.e.m.c.i.embedder.EclipseLogger - Using 'UTF-8' encoding to copy filtered properties files.
2022-09-25 23:05:07,437 [Worker-38: Building] INFO  o.e.m.c.i.embedder.EclipseLogger - Copying 3 resources
2022-09-25 23:05:30,454 [Worker-38: Building] INFO  o.e.m.c.i.embedder.EclipseLogger - Using 'UTF-8' encoding to copy filtered resources.
2022-09-25 23:05:30,456 [Worker-38: Building] INFO  o.e.m.c.i.embedder.EclipseLogger - Using 'UTF-8' encoding to copy filtered properties files.
2022-09-25 23:05:30,457 [Worker-38: Building] INFO  o.e.m.c.i.embedder.EclipseLogger - Copying 0 resource
2022-09-25 23:05:30,458 [Worker-38: Building] INFO  o.e.m.c.i.embedder.EclipseLogger - Copying 0 resource
2022-09-25 23:05:30,472 [Worker-38: Building] INFO  o.e.m.c.i.embedder.EclipseLogger - Using 'UTF-8' encoding to copy filtered resources.
2022-09-25 23:05:30,473 [Worker-38: Building] INFO  o.e.m.c.i.embedder.EclipseLogger - Using 'UTF-8' encoding to copy filtered properties files.
2022-09-25 23:05:30,481 [Worker-38: Building] INFO  o.e.m.c.i.embedder.EclipseLogger - Copying 3 resources
2022-09-25 23:17:18,711 [Worker-42: Building] INFO  o.e.m.c.i.embedder.EclipseLogger - Using 'UTF-8' encoding to copy filtered resources.
2022-09-25 23:17:18,722 [Worker-42: Building] INFO  o.e.m.c.i.embedder.EclipseLogger - Using 'UTF-8' encoding to copy filtered properties files.
2022-09-25 23:17:18,725 [Worker-42: Building] INFO  o.e.m.c.i.embedder.EclipseLogger - Copying 0 resource
2022-09-25 23:17:18,726 [Worker-42: Building] INFO  o.e.m.c.i.embedder.EclipseLogger - Copying 0 resource
2022-09-25 23:17:18,738 [Worker-42: Building] INFO  o.e.m.c.i.embedder.EclipseLogger - Using 'UTF-8' encoding to copy filtered resources.
2022-09-25 23:17:18,739 [Worker-42: Building] INFO  o.e.m.c.i.embedder.EclipseLogger - Using 'UTF-8' encoding to copy filtered properties files.
2022-09-25 23:17:18,749 [Worker-42: Building] INFO  o.e.m.c.i.embedder.EclipseLogger - Copying 3 resources
2022-09-25 23:18:44,089 [Worker-43: Building] INFO  o.e.m.c.i.embedder.EclipseLogger - Using 'UTF-8' encoding to copy filtered resources.
2022-09-25 23:18:44,090 [Worker-43: Building] INFO  o.e.m.c.i.embedder.EclipseLogger - Using 'UTF-8' encoding to copy filtered properties files.
2022-09-25 23:18:44,094 [Worker-43: Building] INFO  o.e.m.c.i.embedder.EclipseLogger - Copying 0 resource
2022-09-25 23:18:44,096 [Worker-43: Building] INFO  o.e.m.c.i.embedder.EclipseLogger - Copying 0 resource
2022-09-25 23:18:44,159 [Worker-43: Building] INFO  o.e.m.c.i.embedder.EclipseLogger - Using 'UTF-8' encoding to copy filtered resources.
2022-09-25 23:18:44,160 [Worker-43: Building] INFO  o.e.m.c.i.embedder.EclipseLogger - Using 'UTF-8' encoding to copy filtered properties files.
2022-09-25 23:18:44,167 [Worker-43: Building] INFO  o.e.m.c.i.embedder.EclipseLogger - Copying 3 resources
2022-09-25 23:20:16,134 [Worker-42: Building] INFO  o.e.m.c.i.embedder.EclipseLogger - Using 'UTF-8' encoding to copy filtered resources.
2022-09-25 23:20:16,136 [Worker-42: Building] INFO  o.e.m.c.i.embedder.EclipseLogger - Using 'UTF-8' encoding to copy filtered properties files.
2022-09-25 23:20:16,138 [Worker-42: Building] INFO  o.e.m.c.i.embedder.EclipseLogger - Copying 0 resource
2022-09-25 23:20:16,140 [Worker-42: Building] INFO  o.e.m.c.i.embedder.EclipseLogger - Copying 0 resource
2022-09-25 23:20:16,157 [Worker-42: Building] INFO  o.e.m.c.i.embedder.EclipseLogger - Using 'UTF-8' encoding to copy filtered resources.
2022-09-25 23:20:16,157 [Worker-42: Building] INFO  o.e.m.c.i.embedder.EclipseLogger - Using 'UTF-8' encoding to copy filtered properties files.
2022-09-25 23:20:16,164 [Worker-42: Building] INFO  o.e.m.c.i.embedder.EclipseLogger - Copying 3 resources
2022-09-25 23:21:42,297 [Worker-35: Launching FetchJeepTest] INFO  o.e.m.c.i.embedder.EclipseLogger - Using 'UTF-8' encoding to copy filtered resources.
2022-09-25 23:21:42,298 [Worker-35: Launching FetchJeepTest] INFO  o.e.m.c.i.embedder.EclipseLogger - Using 'UTF-8' encoding to copy filtered properties files.
2022-09-25 23:21:42,300 [Worker-35: Launching FetchJeepTest] INFO  o.e.m.c.i.embedder.EclipseLogger - Copying 0 resource
2022-09-25 23:21:42,302 [Worker-35: Launching FetchJeepTest] INFO  o.e.m.c.i.embedder.EclipseLogger - Copying 0 resource
2022-09-25 23:21:42,315 [Worker-35: Launching FetchJeepTest] INFO  o.e.m.c.i.embedder.EclipseLogger - Using 'UTF-8' encoding to copy filtered resources.
2022-09-25 23:21:42,316 [Worker-35: Launching FetchJeepTest] INFO  o.e.m.c.i.embedder.EclipseLogger - Using 'UTF-8' encoding to copy filtered properties files.
2022-09-25 23:21:42,324 [Worker-35: Launching FetchJeepTest] INFO  o.e.m.c.i.embedder.EclipseLogger - Copying 3 resources
2022-09-25 23:21:46,118 [Worker-35: Launching FetchJeepTest] INFO  o.e.m.c.i.e.AbstractTransferListenerAdapter - Downloading https://repo.maven.apache.org/maven2/org/junit/platform/junit-platform-launcher/1.8.2/junit-platform-launcher-1.8.2.jar
2022-09-25 23:21:46,524 [Worker-35: Launching FetchJeepTest] INFO  o.e.m.c.i.e.AbstractTransferListenerAdapter - Downloaded https://repo.maven.apache.org/maven2/org/junit/platform/junit-platform-launcher/1.8.2/junit-platform-launcher-1.8.2.jar
2022-09-25 23:25:06,669 [Worker-40: Building] INFO  o.e.m.c.i.embedder.EclipseLogger - Using 'UTF-8' encoding to copy filtered resources.
2022-09-25 23:25:06,673 [Worker-40: Building] INFO  o.e.m.c.i.embedder.EclipseLogger - Using 'UTF-8' encoding to copy filtered properties files.
2022-09-25 23:25:06,675 [Worker-40: Building] INFO  o.e.m.c.i.embedder.EclipseLogger - Copying 0 resource
2022-09-25 23:25:06,676 [Worker-40: Building] INFO  o.e.m.c.i.embedder.EclipseLogger - Copying 0 resource
2022-09-25 23:25:06,690 [Worker-40: Building] INFO  o.e.m.c.i.embedder.EclipseLogger - Using 'UTF-8' encoding to copy filtered resources.
2022-09-25 23:25:06,690 [Worker-40: Building] INFO  o.e.m.c.i.embedder.EclipseLogger - Using 'UTF-8' encoding to copy filtered properties files.
2022-09-25 23:25:06,698 [Worker-40: Building] INFO  o.e.m.c.i.embedder.EclipseLogger - Copying 3 resources
2022-09-25 23:31:14,622 [Worker-50: Building] INFO  o.e.m.c.i.embedder.EclipseLogger - Using 'UTF-8' encoding to copy filtered resources.
2022-09-25 23:31:14,624 [Worker-50: Building] INFO  o.e.m.c.i.embedder.EclipseLogger - Using 'UTF-8' encoding to copy filtered properties files.
2022-09-25 23:31:14,625 [Worker-50: Building] INFO  o.e.m.c.i.embedder.EclipseLogger - Copying 0 resource
2022-09-25 23:31:14,628 [Worker-50: Building] INFO  o.e.m.c.i.embedder.EclipseLogger - Copying 0 resource
2022-09-25 23:31:14,641 [Worker-50: Building] INFO  o.e.m.c.i.embedder.EclipseLogger - Using 'UTF-8' encoding to copy filtered resources.
2022-09-25 23:31:14,642 [Worker-50: Building] INFO  o.e.m.c.i.embedder.EclipseLogger - Using 'UTF-8' encoding to copy filtered properties files.
2022-09-25 23:31:14,650 [Worker-50: Building] INFO  o.e.m.c.i.embedder.EclipseLogger - Copying 3 resources
2022-09-25 23:32:39,946 [Worker-45: Building] INFO  o.e.m.c.i.embedder.EclipseLogger - Using 'UTF-8' encoding to copy filtered resources.
2022-09-25 23:32:39,949 [Worker-45: Building] INFO  o.e.m.c.i.embedder.EclipseLogger - Using 'UTF-8' encoding to copy filtered properties files.
2022-09-25 23:32:39,951 [Worker-45: Building] INFO  o.e.m.c.i.embedder.EclipseLogger - Copying 0 resource
2022-09-25 23:32:39,953 [Worker-45: Building] INFO  o.e.m.c.i.embedder.EclipseLogger - Copying 0 resource
2022-09-25 23:32:39,967 [Worker-45: Building] INFO  o.e.m.c.i.embedder.EclipseLogger - Using 'UTF-8' encoding to copy filtered resources.
2022-09-25 23:32:39,967 [Worker-45: Building] INFO  o.e.m.c.i.embedder.EclipseLogger - Using 'UTF-8' encoding to copy filtered properties files.
2022-09-25 23:32:39,976 [Worker-45: Building] INFO  o.e.m.c.i.embedder.EclipseLogger - Copying 3 resources
2022-09-25 23:34:40,624 [Worker-51: Building] INFO  o.e.m.c.i.embedder.EclipseLogger - Using 'UTF-8' encoding to copy filtered resources.
2022-09-25 23:34:40,625 [Worker-51: Building] INFO  o.e.m.c.i.embedder.EclipseLogger - Using 'UTF-8' encoding to copy filtered properties files.
2022-09-25 23:34:40,628 [Worker-51: Building] INFO  o.e.m.c.i.embedder.EclipseLogger - Copying 0 resource
2022-09-25 23:34:40,632 [Worker-51: Building] INFO  o.e.m.c.i.embedder.EclipseLogger - Copying 0 resource
2022-09-25 23:34:40,652 [Worker-51: Building] INFO  o.e.m.c.i.embedder.EclipseLogger - Using 'UTF-8' encoding to copy filtered resources.
2022-09-25 23:34:40,653 [Worker-51: Building] INFO  o.e.m.c.i.embedder.EclipseLogger - Using 'UTF-8' encoding to copy filtered properties files.
2022-09-25 23:34:40,655 [Worker-51: Building] INFO  o.e.m.c.i.embedder.EclipseLogger - Copying 0 resource
2022-09-25 23:35:26,837 [Worker-51: Building] INFO  o.e.m.c.i.embedder.EclipseLogger - Using 'UTF-8' encoding to copy filtered resources.
2022-09-25 23:35:26,839 [Worker-51: Building] INFO  o.e.m.c.i.embedder.EclipseLogger - Using 'UTF-8' encoding to copy filtered properties files.
2022-09-25 23:35:26,842 [Worker-51: Building] INFO  o.e.m.c.i.embedder.EclipseLogger - Copying 0 resource
2022-09-25 23:35:26,845 [Worker-51: Building] INFO  o.e.m.c.i.embedder.EclipseLogger - Copying 0 resource
2022-09-25 23:35:26,864 [Worker-51: Building] INFO  o.e.m.c.i.embedder.EclipseLogger - Using 'UTF-8' encoding to copy filtered resources.
2022-09-25 23:35:26,865 [Worker-51: Building] INFO  o.e.m.c.i.embedder.EclipseLogger - Using 'UTF-8' encoding to copy filtered properties files.
2022-09-25 23:35:26,866 [Worker-51: Building] INFO  o.e.m.c.i.embedder.EclipseLogger - Copying 0 resource
2022-09-25 23:38:31,648 [Worker-45: Building] INFO  o.e.m.c.i.embedder.EclipseLogger - Using 'UTF-8' encoding to copy filtered resources.
2022-09-25 23:38:31,649 [Worker-45: Building] INFO  o.e.m.c.i.embedder.EclipseLogger - Using 'UTF-8' encoding to copy filtered properties files.
2022-09-25 23:38:31,651 [Worker-45: Building] INFO  o.e.m.c.i.embedder.EclipseLogger - Copying 0 resource
2022-09-25 23:38:31,652 [Worker-45: Building] INFO  o.e.m.c.i.embedder.EclipseLogger - Copying 0 resource
2022-09-25 23:38:31,666 [Worker-45: Building] INFO  o.e.m.c.i.embedder.EclipseLogger - Using 'UTF-8' encoding to copy filtered resources.
2022-09-25 23:38:31,666 [Worker-45: Building] INFO  o.e.m.c.i.embedder.EclipseLogger - Using 'UTF-8' encoding to copy filtered properties files.
2022-09-25 23:38:31,675 [Worker-45: Building] INFO  o.e.m.c.i.embedder.EclipseLogger - Copying 3 resources
2022-09-25 23:40:21,733 [Worker-50: Building] INFO  o.e.m.c.i.embedder.EclipseLogger - Using 'UTF-8' encoding to copy filtered resources.
2022-09-25 23:40:21,734 [Worker-50: Building] INFO  o.e.m.c.i.embedder.EclipseLogger - Using 'UTF-8' encoding to copy filtered properties files.
2022-09-25 23:40:21,738 [Worker-50: Building] INFO  o.e.m.c.i.embedder.EclipseLogger - Copying 0 resource
2022-09-25 23:40:21,740 [Worker-50: Building] INFO  o.e.m.c.i.embedder.EclipseLogger - Copying 0 resource
2022-09-25 23:40:21,752 [Worker-50: Building] INFO  o.e.m.c.i.embedder.EclipseLogger - Using 'UTF-8' encoding to copy filtered resources.
2022-09-25 23:40:21,753 [Worker-50: Building] INFO  o.e.m.c.i.embedder.EclipseLogger - Using 'UTF-8' encoding to copy filtered properties files.
2022-09-25 23:40:21,787 [Worker-50: Building] INFO  o.e.m.c.i.embedder.EclipseLogger - Copying 3 resources
2022-09-25 23:43:20,205 [Worker-49: Building] INFO  o.e.m.c.i.embedder.EclipseLogger - Using 'UTF-8' encoding to copy filtered resources.
2022-09-25 23:43:20,207 [Worker-49: Building] INFO  o.e.m.c.i.embedder.EclipseLogger - Using 'UTF-8' encoding to copy filtered properties files.
2022-09-25 23:43:20,209 [Worker-49: Building] INFO  o.e.m.c.i.embedder.EclipseLogger - Copying 0 resource
2022-09-25 23:43:20,215 [Worker-49: Building] INFO  o.e.m.c.i.embedder.EclipseLogger - Copying 0 resource
2022-09-25 23:43:20,226 [Worker-49: Building] INFO  o.e.m.c.i.embedder.EclipseLogger - Using 'UTF-8' encoding to copy filtered resources.
2022-09-25 23:43:20,226 [Worker-49: Building] INFO  o.e.m.c.i.embedder.EclipseLogger - Using 'UTF-8' encoding to copy filtered properties files.
2022-09-25 23:43:20,232 [Worker-49: Building] INFO  o.e.m.c.i.embedder.EclipseLogger - Copying 3 resources
2022-09-25 23:45:47,343 [Worker-51: Building] INFO  o.e.m.c.i.embedder.EclipseLogger - Using 'UTF-8' encoding to copy filtered resources.
2022-09-25 23:45:47,345 [Worker-51: Building] INFO  o.e.m.c.i.embedder.EclipseLogger - Using 'UTF-8' encoding to copy filtered properties files.
2022-09-25 23:45:47,346 [Worker-51: Building] INFO  o.e.m.c.i.embedder.EclipseLogger - Copying 0 resource
2022-09-25 23:45:47,348 [Worker-51: Building] INFO  o.e.m.c.i.embedder.EclipseLogger - Copying 0 resource
2022-09-25 23:45:47,361 [Worker-51: Building] INFO  o.e.m.c.i.embedder.EclipseLogger - Using 'UTF-8' encoding to copy filtered resources.
2022-09-25 23:45:47,361 [Worker-51: Building] INFO  o.e.m.c.i.embedder.EclipseLogger - Using 'UTF-8' encoding to copy filtered properties files.
2022-09-25 23:45:47,369 [Worker-51: Building] INFO  o.e.m.c.i.embedder.EclipseLogger - Copying 3 resources
2022-09-25 23:48:25,506 [Worker-45: Building] INFO  o.e.m.c.i.embedder.EclipseLogger - Using 'UTF-8' encoding to copy filtered resources.
2022-09-25 23:48:25,507 [Worker-45: Building] INFO  o.e.m.c.i.embedder.EclipseLogger - Using 'UTF-8' encoding to copy filtered properties files.
2022-09-25 23:48:25,509 [Worker-45: Building] INFO  o.e.m.c.i.embedder.EclipseLogger - Copying 0 resource
2022-09-25 23:48:25,512 [Worker-45: Building] INFO  o.e.m.c.i.embedder.EclipseLogger - Copying 0 resource
2022-09-25 23:48:25,521 [Worker-45: Building] INFO  o.e.m.c.i.embedder.EclipseLogger - Using 'UTF-8' encoding to copy filtered resources.
2022-09-25 23:48:25,522 [Worker-45: Building] INFO  o.e.m.c.i.embedder.EclipseLogger - Using 'UTF-8' encoding to copy filtered properties files.
2022-09-25 23:48:25,523 [Worker-45: Building] INFO  o.e.m.c.i.embedder.EclipseLogger - Copying 0 resource
2022-09-25 23:52:16,879 [Worker-45: Building] INFO  o.e.m.c.i.embedder.EclipseLogger - Using 'UTF-8' encoding to copy filtered resources.
2022-09-25 23:52:16,880 [Worker-45: Building] INFO  o.e.m.c.i.embedder.EclipseLogger - Using 'UTF-8' encoding to copy filtered properties files.
2022-09-25 23:52:16,884 [Worker-45: Building] INFO  o.e.m.c.i.embedder.EclipseLogger - Copying 0 resource
2022-09-25 23:52:16,885 [Worker-45: Building] INFO  o.e.m.c.i.embedder.EclipseLogger - Copying 0 resource
2022-09-25 23:52:16,896 [Worker-45: Building] INFO  o.e.m.c.i.embedder.EclipseLogger - Using 'UTF-8' encoding to copy filtered resources.
2022-09-25 23:52:16,896 [Worker-45: Building] INFO  o.e.m.c.i.embedder.EclipseLogger - Using 'UTF-8' encoding to copy filtered properties files.
2022-09-25 23:52:16,910 [Worker-45: Building] INFO  o.e.m.c.i.embedder.EclipseLogger - Copying 3 resources
2022-09-25 23:52:36,213 [Worker-55: Building] INFO  o.e.m.c.i.embedder.EclipseLogger - Using 'UTF-8' encoding to copy filtered resources.
2022-09-25 23:52:36,214 [Worker-55: Building] INFO  o.e.m.c.i.embedder.EclipseLogger - Using 'UTF-8' encoding to copy filtered properties files.
2022-09-25 23:52:36,215 [Worker-55: Building] INFO  o.e.m.c.i.embedder.EclipseLogger - Copying 0 resource
2022-09-25 23:52:36,217 [Worker-55: Building] INFO  o.e.m.c.i.embedder.EclipseLogger - Copying 0 resource
2022-09-25 23:52:36,228 [Worker-55: Building] INFO  o.e.m.c.i.embedder.EclipseLogger - Using 'UTF-8' encoding to copy filtered resources.
2022-09-25 23:52:36,228 [Worker-55: Building] INFO  o.e.m.c.i.embedder.EclipseLogger - Using 'UTF-8' encoding to copy filtered properties files.
2022-09-25 23:52:36,235 [Worker-55: Building] INFO  o.e.m.c.i.embedder.EclipseLogger - Copying 3 resources
2022-09-26 21:45:26,466 [Worker-2: Loading available Gradle versions] INFO  o.e.b.c.i.u.g.PublishedGradleVersions - Gradle version information cache is out-of-date. Trying to update.
2022-09-26 21:57:03,827 [Worker-2: Launching FetchJeepTest] INFO  o.e.m.c.i.embedder.EclipseLogger - Using 'UTF-8' encoding to copy filtered resources.
2022-09-26 21:57:04,002 [Worker-2: Launching FetchJeepTest] INFO  o.e.m.c.i.embedder.EclipseLogger - Using 'UTF-8' encoding to copy filtered properties files.
2022-09-26 21:57:04,019 [Worker-2: Launching FetchJeepTest] INFO  o.e.m.c.i.embedder.EclipseLogger - Copying 0 resource
2022-09-26 21:57:04,023 [Worker-2: Launching FetchJeepTest] INFO  o.e.m.c.i.embedder.EclipseLogger - Copying 0 resource
2022-09-26 21:57:04,040 [Worker-2: Launching FetchJeepTest] INFO  o.e.m.c.i.embedder.EclipseLogger - Using 'UTF-8' encoding to copy filtered resources.
2022-09-26 21:57:04,041 [Worker-2: Launching FetchJeepTest] INFO  o.e.m.c.i.embedder.EclipseLogger - Using 'UTF-8' encoding to copy filtered properties files.
2022-09-26 21:57:04,043 [Worker-2: Launching FetchJeepTest] INFO  o.e.m.c.i.embedder.EclipseLogger - Copying 3 resources
2022-09-26 21:59:18,069 [Worker-9: Launching FetchJeepTest] INFO  o.e.m.c.i.embedder.EclipseLogger - Using 'UTF-8' encoding to copy filtered resources.
2022-09-26 21:59:18,070 [Worker-9: Launching FetchJeepTest] INFO  o.e.m.c.i.embedder.EclipseLogger - Using 'UTF-8' encoding to copy filtered properties files.
2022-09-26 21:59:18,075 [Worker-9: Launching FetchJeepTest] INFO  o.e.m.c.i.embedder.EclipseLogger - Copying 0 resource
2022-09-26 21:59:18,076 [Worker-9: Launching FetchJeepTest] INFO  o.e.m.c.i.embedder.EclipseLogger - Copying 0 resource
2022-09-26 21:59:18,090 [Worker-9: Launching FetchJeepTest] INFO  o.e.m.c.i.embedder.EclipseLogger - Using 'UTF-8' encoding to copy filtered resources.
2022-09-26 21:59:18,090 [Worker-9: Launching FetchJeepTest] INFO  o.e.m.c.i.embedder.EclipseLogger - Using 'UTF-8' encoding to copy filtered properties files.
2022-09-26 21:59:18,102 [Worker-9: Launching FetchJeepTest] INFO  o.e.m.c.i.embedder.EclipseLogger - Copying 3 resources
2022-09-26 22:10:57,207 [Worker-10: Building] INFO  o.e.m.c.i.embedder.EclipseLogger - Using 'UTF-8' encoding to copy filtered resources.
2022-09-26 22:10:57,208 [Worker-10: Building] INFO  o.e.m.c.i.embedder.EclipseLogger - Using 'UTF-8' encoding to copy filtered properties files.
2022-09-26 22:10:57,210 [Worker-10: Building] INFO  o.e.m.c.i.embedder.EclipseLogger - Copying 0 resource
2022-09-26 22:10:57,211 [Worker-10: Building] INFO  o.e.m.c.i.embedder.EclipseLogger - Copying 0 resource
2022-09-26 22:10:57,223 [Worker-10: Building] INFO  o.e.m.c.i.embedder.EclipseLogger - Using 'UTF-8' encoding to copy filtered resources.
2022-09-26 22:10:57,224 [Worker-10: Building] INFO  o.e.m.c.i.embedder.EclipseLogger - Using 'UTF-8' encoding to copy filtered properties files.
2022-09-26 22:10:57,231 [Worker-10: Building] INFO  o.e.m.c.i.embedder.EclipseLogger - Copying 3 resources
2022-09-26 22:12:35,581 [Worker-15: Building] INFO  o.e.m.c.i.embedder.EclipseLogger - Using 'UTF-8' encoding to copy filtered resources.
2022-09-26 22:12:35,582 [Worker-15: Building] INFO  o.e.m.c.i.embedder.EclipseLogger - Using 'UTF-8' encoding to copy filtered properties files.
2022-09-26 22:12:35,584 [Worker-15: Building] INFO  o.e.m.c.i.embedder.EclipseLogger - Copying 0 resource
2022-09-26 22:12:35,586 [Worker-15: Building] INFO  o.e.m.c.i.embedder.EclipseLogger - Copying 0 resource
2022-09-26 22:12:35,604 [Worker-15: Building] INFO  o.e.m.c.i.embedder.EclipseLogger - Using 'UTF-8' encoding to copy filtered resources.
2022-09-26 22:12:35,604 [Worker-15: Building] INFO  o.e.m.c.i.embedder.EclipseLogger - Using 'UTF-8' encoding to copy filtered properties files.
2022-09-26 22:12:35,618 [Worker-15: Building] INFO  o.e.m.c.i.embedder.EclipseLogger - Copying 3 resources
2022-09-26 22:20:03,715 [Worker-18: Building] INFO  o.e.m.c.i.embedder.EclipseLogger - Using 'UTF-8' encoding to copy filtered resources.
2022-09-26 22:20:03,716 [Worker-18: Building] INFO  o.e.m.c.i.embedder.EclipseLogger - Using 'UTF-8' encoding to copy filtered properties files.
2022-09-26 22:20:03,717 [Worker-18: Building] INFO  o.e.m.c.i.embedder.EclipseLogger - Copying 0 resource
2022-09-26 22:20:03,723 [Worker-18: Building] INFO  o.e.m.c.i.embedder.EclipseLogger - Copying 0 resource
2022-09-26 22:20:03,742 [Worker-18: Building] INFO  o.e.m.c.i.embedder.EclipseLogger - Using 'UTF-8' encoding to copy filtered resources.
2022-09-26 22:20:03,742 [Worker-18: Building] INFO  o.e.m.c.i.embedder.EclipseLogger - Using 'UTF-8' encoding to copy filtered properties files.
2022-09-26 22:20:03,752 [Worker-18: Building] INFO  o.e.m.c.i.embedder.EclipseLogger - Copying 3 resources
2022-09-26 22:21:54,878 [Worker-19: Launching FetchJeepTest] INFO  o.e.m.c.i.embedder.EclipseLogger - Using 'UTF-8' encoding to copy filtered resources.
2022-09-26 22:21:54,880 [Worker-19: Launching FetchJeepTest] INFO  o.e.m.c.i.embedder.EclipseLogger - Using 'UTF-8' encoding to copy filtered properties files.
2022-09-26 22:21:54,882 [Worker-19: Launching FetchJeepTest] INFO  o.e.m.c.i.embedder.EclipseLogger - Copying 0 resource
2022-09-26 22:21:54,885 [Worker-19: Launching FetchJeepTest] INFO  o.e.m.c.i.embedder.EclipseLogger - Copying 0 resource
2022-09-26 22:21:54,907 [Worker-19: Launching FetchJeepTest] INFO  o.e.m.c.i.embedder.EclipseLogger - Using 'UTF-8' encoding to copy filtered resources.
2022-09-26 22:21:54,908 [Worker-19: Launching FetchJeepTest] INFO  o.e.m.c.i.embedder.EclipseLogger - Using 'UTF-8' encoding to copy filtered properties files.
2022-09-26 22:21:54,920 [Worker-19: Launching FetchJeepTest] INFO  o.e.m.c.i.embedder.EclipseLogger - Copying 3 resources
2022-09-26 22:23:04,210 [Worker-21: Launching FetchJeepTest] INFO  o.e.m.c.i.embedder.EclipseLogger - Using 'UTF-8' encoding to copy filtered resources.
2022-09-26 22:23:04,211 [Worker-21: Launching FetchJeepTest] INFO  o.e.m.c.i.embedder.EclipseLogger - Using 'UTF-8' encoding to copy filtered properties files.
2022-09-26 22:23:04,228 [Worker-21: Launching FetchJeepTest] INFO  o.e.m.c.i.embedder.EclipseLogger - Copying 0 resource
2022-09-26 22:23:04,230 [Worker-21: Launching FetchJeepTest] INFO  o.e.m.c.i.embedder.EclipseLogger - Copying 0 resource
2022-09-26 22:23:04,242 [Worker-21: Launching FetchJeepTest] INFO  o.e.m.c.i.embedder.EclipseLogger - Using 'UTF-8' encoding to copy filtered resources.
2022-09-26 22:23:04,243 [Worker-21: Launching FetchJeepTest] INFO  o.e.m.c.i.embedder.EclipseLogger - Using 'UTF-8' encoding to copy filtered properties files.
2022-09-26 22:23:04,251 [Worker-21: Launching FetchJeepTest] INFO  o.e.m.c.i.embedder.EclipseLogger - Copying 3 resources
2022-09-26 22:29:25,798 [Worker-26: Building] INFO  o.e.m.c.i.embedder.EclipseLogger - Using 'UTF-8' encoding to copy filtered resources.
2022-09-26 22:29:25,800 [Worker-26: Building] INFO  o.e.m.c.i.embedder.EclipseLogger - Using 'UTF-8' encoding to copy filtered properties files.
2022-09-26 22:29:25,801 [Worker-26: Building] INFO  o.e.m.c.i.embedder.EclipseLogger - Copying 0 resource
2022-09-26 22:29:25,802 [Worker-26: Building] INFO  o.e.m.c.i.embedder.EclipseLogger - Copying 0 resource
2022-09-26 22:29:25,842 [Worker-26: Building] INFO  o.e.m.c.i.embedder.EclipseLogger - Using 'UTF-8' encoding to copy filtered resources.
2022-09-26 22:29:25,843 [Worker-26: Building] INFO  o.e.m.c.i.embedder.EclipseLogger - Using 'UTF-8' encoding to copy filtered properties files.
2022-09-26 22:29:25,852 [Worker-26: Building] INFO  o.e.m.c.i.embedder.EclipseLogger - Copying 3 resources
2022-09-26 22:31:27,360 [Worker-27: Building] INFO  o.e.m.c.i.embedder.EclipseLogger - Using 'UTF-8' encoding to copy filtered resources.
2022-09-26 22:31:27,361 [Worker-27: Building] INFO  o.e.m.c.i.embedder.EclipseLogger - Using 'UTF-8' encoding to copy filtered properties files.
2022-09-26 22:31:27,362 [Worker-27: Building] INFO  o.e.m.c.i.embedder.EclipseLogger - Copying 0 resource
2022-09-26 22:31:27,364 [Worker-27: Building] INFO  o.e.m.c.i.embedder.EclipseLogger - Copying 0 resource
2022-09-26 22:31:27,377 [Worker-27: Building] INFO  o.e.m.c.i.embedder.EclipseLogger - Using 'UTF-8' encoding to copy filtered resources.
2022-09-26 22:31:27,378 [Worker-27: Building] INFO  o.e.m.c.i.embedder.EclipseLogger - Using 'UTF-8' encoding to copy filtered properties files.
2022-09-26 22:31:27,388 [Worker-27: Building] INFO  o.e.m.c.i.embedder.EclipseLogger - Copying 3 resources
2022-09-26 22:34:07,034 [Worker-26: Building] INFO  o.e.m.c.i.embedder.EclipseLogger - Using 'UTF-8' encoding to copy filtered resources.
2022-09-26 22:34:07,035 [Worker-26: Building] INFO  o.e.m.c.i.embedder.EclipseLogger - Using 'UTF-8' encoding to copy filtered properties files.
2022-09-26 22:34:07,041 [Worker-26: Building] INFO  o.e.m.c.i.embedder.EclipseLogger - Copying 0 resource
2022-09-26 22:34:07,069 [Worker-26: Building] INFO  o.e.m.c.i.embedder.EclipseLogger - Copying 0 resource
2022-09-26 22:34:07,082 [Worker-26: Building] INFO  o.e.m.c.i.embedder.EclipseLogger - Using 'UTF-8' encoding to copy filtered resources.
2022-09-26 22:34:07,083 [Worker-26: Building] INFO  o.e.m.c.i.embedder.EclipseLogger - Using 'UTF-8' encoding to copy filtered properties files.
2022-09-26 22:34:07,091 [Worker-26: Building] INFO  o.e.m.c.i.embedder.EclipseLogger - Copying 3 resources
2022-09-26 22:35:06,778 [Worker-26: Launching FetchJeepTest] INFO  o.e.m.c.i.embedder.EclipseLogger - Using 'UTF-8' encoding to copy filtered resources.
2022-09-26 22:35:06,779 [Worker-26: Launching FetchJeepTest] INFO  o.e.m.c.i.embedder.EclipseLogger - Using 'UTF-8' encoding to copy filtered properties files.
2022-09-26 22:35:06,780 [Worker-26: Launching FetchJeepTest] INFO  o.e.m.c.i.embedder.EclipseLogger - Copying 0 resource
2022-09-26 22:35:06,781 [Worker-26: Launching FetchJeepTest] INFO  o.e.m.c.i.embedder.EclipseLogger - Copying 0 resource
2022-09-26 22:35:06,790 [Worker-26: Launching FetchJeepTest] INFO  o.e.m.c.i.embedder.EclipseLogger - Using 'UTF-8' encoding to copy filtered resources.
2022-09-26 22:35:06,790 [Worker-26: Launching FetchJeepTest] INFO  o.e.m.c.i.embedder.EclipseLogger - Using 'UTF-8' encoding to copy filtered properties files.
2022-09-26 22:35:06,797 [Worker-26: Launching FetchJeepTest] INFO  o.e.m.c.i.embedder.EclipseLogger - Copying 3 resources
2022-09-26 22:37:38,129 [Worker-34: Building] INFO  o.e.m.c.i.embedder.EclipseLogger - Using 'UTF-8' encoding to copy filtered resources.
2022-09-26 22:37:38,131 [Worker-34: Building] INFO  o.e.m.c.i.embedder.EclipseLogger - Using 'UTF-8' encoding to copy filtered properties files.
2022-09-26 22:37:38,133 [Worker-34: Building] INFO  o.e.m.c.i.embedder.EclipseLogger - Copying 0 resource
2022-09-26 22:37:38,134 [Worker-34: Building] INFO  o.e.m.c.i.embedder.EclipseLogger - Copying 0 resource
2022-09-26 22:37:38,144 [Worker-34: Building] INFO  o.e.m.c.i.embedder.EclipseLogger - Using 'UTF-8' encoding to copy filtered resources.
2022-09-26 22:37:38,144 [Worker-34: Building] INFO  o.e.m.c.i.embedder.EclipseLogger - Using 'UTF-8' encoding to copy filtered properties files.
2022-09-26 22:37:38,152 [Worker-34: Building] INFO  o.e.m.c.i.embedder.EclipseLogger - Copying 3 resources
2022-09-26 22:39:16,970 [Worker-34: Launching FetchJeepTest] INFO  o.e.m.c.i.embedder.EclipseLogger - Using 'UTF-8' encoding to copy filtered resources.
2022-09-26 22:39:16,971 [Worker-34: Launching FetchJeepTest] INFO  o.e.m.c.i.embedder.EclipseLogger - Using 'UTF-8' encoding to copy filtered properties files.
2022-09-26 22:39:16,972 [Worker-34: Launching FetchJeepTest] INFO  o.e.m.c.i.embedder.EclipseLogger - Copying 0 resource
2022-09-26 22:39:16,974 [Worker-34: Launching FetchJeepTest] INFO  o.e.m.c.i.embedder.EclipseLogger - Copying 0 resource
2022-09-26 22:39:17,006 [Worker-34: Launching FetchJeepTest] INFO  o.e.m.c.i.embedder.EclipseLogger - Using 'UTF-8' encoding to copy filtered resources.
2022-09-26 22:39:17,007 [Worker-34: Launching FetchJeepTest] INFO  o.e.m.c.i.embedder.EclipseLogger - Using 'UTF-8' encoding to copy filtered properties files.
2022-09-26 22:39:17,021 [Worker-34: Launching FetchJeepTest] INFO  o.e.m.c.i.embedder.EclipseLogger - Copying 3 resources
2022-09-26 22:43:59,742 [Worker-37: Launching FetchJeepTest] INFO  o.e.m.c.i.embedder.EclipseLogger - Using 'UTF-8' encoding to copy filtered resources.
2022-09-26 22:43:59,743 [Worker-37: Launching FetchJeepTest] INFO  o.e.m.c.i.embedder.EclipseLogger - Using 'UTF-8' encoding to copy filtered properties files.
2022-09-26 22:43:59,744 [Worker-37: Launching FetchJeepTest] INFO  o.e.m.c.i.embedder.EclipseLogger - Copying 0 resource
2022-09-26 22:43:59,745 [Worker-37: Launching FetchJeepTest] INFO  o.e.m.c.i.embedder.EclipseLogger - Copying 0 resource
2022-09-26 22:43:59,761 [Worker-37: Launching FetchJeepTest] INFO  o.e.m.c.i.embedder.EclipseLogger - Using 'UTF-8' encoding to copy filtered resources.
2022-09-26 22:43:59,761 [Worker-37: Launching FetchJeepTest] INFO  o.e.m.c.i.embedder.EclipseLogger - Using 'UTF-8' encoding to copy filtered properties files.
2022-09-26 22:43:59,780 [Worker-37: Launching FetchJeepTest] INFO  o.e.m.c.i.embedder.EclipseLogger - Copying 3 resources
2022-09-28 22:23:39,950 [Worker-0: Loading available Gradle versions] INFO  o.e.b.c.i.u.g.PublishedGradleVersions - Gradle version information cache is out-of-date. Trying to update.
2022-09-28 22:24:24,188 [Worker-6: Updating Maven Project] INFO  o.e.m.c.i.p.ProjectConfigurationManager - Update started
2022-09-28 22:24:31,792 [Worker-6: Updating Maven Project] INFO  o.e.m.c.i.l.LifecycleMappingFactory - Using org.eclipse.m2e.jdt.JarLifecycleMapping lifecycle mapping for MavenProject: com.promineotech:jeep-sales:0.0.1-SNAPSHOT @ C:\Users\nicho\eclipse-workspace\Spring-Boot\jeep-sales\pom.xml.
2022-09-28 22:24:42,573 [Worker-6: Updating Maven Project] INFO  o.e.m.j.i.AbstractJavaProjectConfigurator - Adding source folder /jeep-sales/src/main/java
2022-09-28 22:24:42,576 [Worker-6: Updating Maven Project] INFO  o.e.m.j.i.AbstractJavaProjectConfigurator - Adding resource folder /jeep-sales/src/main/resources
2022-09-28 22:24:42,579 [Worker-6: Updating Maven Project] INFO  o.e.m.j.i.AbstractJavaProjectConfigurator - Adding resource folder /jeep-sales/src/main/resources
2022-09-28 22:24:42,585 [Worker-6: Updating Maven Project] INFO  o.e.m.j.i.AbstractJavaProjectConfigurator - Adding source folder /jeep-sales/src/test/java
2022-09-28 22:24:42,587 [Worker-6: Updating Maven Project] INFO  o.e.m.j.i.AbstractJavaProjectConfigurator - Adding resource folder /jeep-sales/src/test/resources
2022-09-28 22:24:45,594 [Worker-6: Updating Maven Project] INFO  o.e.m.c.i.p.ProjectConfigurationManager - Update completed: 21 sec
2022-09-28 22:24:48,545 [Worker-6: Building] INFO  o.e.m.c.i.embedder.EclipseLogger - Using 'UTF-8' encoding to copy filtered resources.
2022-09-28 22:24:48,546 [Worker-6: Building] INFO  o.e.m.c.i.embedder.EclipseLogger - Using 'UTF-8' encoding to copy filtered properties files.
2022-09-28 22:24:48,567 [Worker-6: Building] INFO  o.e.m.c.i.embedder.EclipseLogger - Copying 0 resource
2022-09-28 22:24:48,570 [Worker-6: Building] INFO  o.e.m.c.i.embedder.EclipseLogger - Copying 0 resource
2022-09-28 22:24:48,612 [Worker-6: Building] INFO  o.e.m.c.i.embedder.EclipseLogger - Using 'UTF-8' encoding to copy filtered resources.
2022-09-28 22:24:48,612 [Worker-6: Building] INFO  o.e.m.c.i.embedder.EclipseLogger - Using 'UTF-8' encoding to copy filtered properties files.
2022-09-28 22:24:48,615 [Worker-6: Building] INFO  o.e.m.c.i.embedder.EclipseLogger - Copying 3 resources
2022-09-28 22:27:10,767 [Worker-1: Launching FetchJeepTest] INFO  o.e.m.c.i.embedder.EclipseLogger - Using 'UTF-8' encoding to copy filtered resources.
2022-09-28 22:27:10,772 [Worker-1: Launching FetchJeepTest] INFO  o.e.m.c.i.embedder.EclipseLogger - Using 'UTF-8' encoding to copy filtered properties files.
2022-09-28 22:27:10,782 [Worker-1: Launching FetchJeepTest] INFO  o.e.m.c.i.embedder.EclipseLogger - Copying 0 resource
2022-09-28 22:27:10,784 [Worker-1: Launching FetchJeepTest] INFO  o.e.m.c.i.embedder.EclipseLogger - Copying 0 resource
2022-09-28 22:27:10,799 [Worker-1: Launching FetchJeepTest] INFO  o.e.m.c.i.embedder.EclipseLogger - Using 'UTF-8' encoding to copy filtered resources.
2022-09-28 22:27:10,799 [Worker-1: Launching FetchJeepTest] INFO  o.e.m.c.i.embedder.EclipseLogger - Using 'UTF-8' encoding to copy filtered properties files.
2022-09-28 22:27:10,814 [Worker-1: Launching FetchJeepTest] INFO  o.e.m.c.i.embedder.EclipseLogger - Copying 3 resources
2022-09-28 22:28:57,126 [Worker-7: Launching FetchJeepTest] INFO  o.e.m.c.i.embedder.EclipseLogger - Using 'UTF-8' encoding to copy filtered resources.
2022-09-28 22:28:57,127 [Worker-7: Launching FetchJeepTest] INFO  o.e.m.c.i.embedder.EclipseLogger - Using 'UTF-8' encoding to copy filtered properties files.
2022-09-28 22:28:57,129 [Worker-7: Launching FetchJeepTest] INFO  o.e.m.c.i.embedder.EclipseLogger - Copying 0 resource
2022-09-28 22:28:57,130 [Worker-7: Launching FetchJeepTest] INFO  o.e.m.c.i.embedder.EclipseLogger - Copying 0 resource
2022-09-28 22:28:57,151 [Worker-7: Launching FetchJeepTest] INFO  o.e.m.c.i.embedder.EclipseLogger - Using 'UTF-8' encoding to copy filtered resources.
2022-09-28 22:28:57,153 [Worker-7: Launching FetchJeepTest] INFO  o.e.m.c.i.embedder.EclipseLogger - Using 'UTF-8' encoding to copy filtered properties files.
2022-09-28 22:28:57,161 [Worker-7: Launching FetchJeepTest] INFO  o.e.m.c.i.embedder.EclipseLogger - Copying 3 resources
2022-09-28 22:33:49,963 [Worker-11: Building] INFO  o.e.m.c.i.embedder.EclipseLogger - Using 'UTF-8' encoding to copy filtered resources.
2022-09-28 22:33:49,964 [Worker-11: Building] INFO  o.e.m.c.i.embedder.EclipseLogger - Using 'UTF-8' encoding to copy filtered properties files.
2022-09-28 22:33:49,966 [Worker-11: Building] INFO  o.e.m.c.i.embedder.EclipseLogger - Copying 0 resource
2022-09-28 22:33:49,969 [Worker-11: Building] INFO  o.e.m.c.i.embedder.EclipseLogger - Copying 0 resource
2022-09-28 22:33:49,982 [Worker-11: Building] INFO  o.e.m.c.i.embedder.EclipseLogger - Using 'UTF-8' encoding to copy filtered resources.
2022-09-28 22:33:49,982 [Worker-11: Building] INFO  o.e.m.c.i.embedder.EclipseLogger - Using 'UTF-8' encoding to copy filtered properties files.
2022-09-28 22:33:49,987 [Worker-11: Building] INFO  o.e.m.c.i.embedder.EclipseLogger - Copying 3 resources
2022-09-28 22:35:40,866 [Worker-12: Building] INFO  o.e.m.c.i.embedder.EclipseLogger - Using 'UTF-8' encoding to copy filtered resources.
2022-09-28 22:35:40,870 [Worker-12: Building] INFO  o.e.m.c.i.embedder.EclipseLogger - Using 'UTF-8' encoding to copy filtered properties files.
2022-09-28 22:35:40,871 [Worker-12: Building] INFO  o.e.m.c.i.embedder.EclipseLogger - Copying 0 resource
2022-09-28 22:35:40,879 [Worker-12: Building] INFO  o.e.m.c.i.embedder.EclipseLogger - Copying 0 resource
2022-09-28 22:35:40,901 [Worker-12: Building] INFO  o.e.m.c.i.embedder.EclipseLogger - Using 'UTF-8' encoding to copy filtered resources.
2022-09-28 22:35:40,901 [Worker-12: Building] INFO  o.e.m.c.i.embedder.EclipseLogger - Using 'UTF-8' encoding to copy filtered properties files.
2022-09-28 22:35:40,908 [Worker-12: Building] INFO  o.e.m.c.i.embedder.EclipseLogger - Copying 3 resources
2022-09-28 22:38:23,540 [Worker-11: Launching FetchJeepTest] INFO  o.e.m.c.i.embedder.EclipseLogger - Using 'UTF-8' encoding to copy filtered resources.
2022-09-28 22:38:23,541 [Worker-11: Launching FetchJeepTest] INFO  o.e.m.c.i.embedder.EclipseLogger - Using 'UTF-8' encoding to copy filtered properties files.
2022-09-28 22:38:23,543 [Worker-11: Launching FetchJeepTest] INFO  o.e.m.c.i.embedder.EclipseLogger - Copying 0 resource
2022-09-28 22:38:23,544 [Worker-11: Launching FetchJeepTest] INFO  o.e.m.c.i.embedder.EclipseLogger - Copying 0 resource
2022-09-28 22:38:23,555 [Worker-11: Launching FetchJeepTest] INFO  o.e.m.c.i.embedder.EclipseLogger - Using 'UTF-8' encoding to copy filtered resources.
2022-09-28 22:38:23,555 [Worker-11: Launching FetchJeepTest] INFO  o.e.m.c.i.embedder.EclipseLogger - Using 'UTF-8' encoding to copy filtered properties files.
2022-09-28 22:38:23,562 [Worker-11: Launching FetchJeepTest] INFO  o.e.m.c.i.embedder.EclipseLogger - Copying 3 resources
2022-09-28 22:44:57,723 [Worker-12: Launching FetchJeepTest] INFO  o.e.m.c.i.embedder.EclipseLogger - Using 'UTF-8' encoding to copy filtered resources.
2022-09-28 22:44:57,729 [Worker-12: Launching FetchJeepTest] INFO  o.e.m.c.i.embedder.EclipseLogger - Using 'UTF-8' encoding to copy filtered properties files.
2022-09-28 22:44:57,730 [Worker-12: Launching FetchJeepTest] INFO  o.e.m.c.i.embedder.EclipseLogger - Copying 0 resource
2022-09-28 22:44:57,732 [Worker-12: Launching FetchJeepTest] INFO  o.e.m.c.i.embedder.EclipseLogger - Copying 0 resource
2022-09-28 22:44:57,746 [Worker-12: Launching FetchJeepTest] INFO  o.e.m.c.i.embedder.EclipseLogger - Using 'UTF-8' encoding to copy filtered resources.
2022-09-28 22:44:57,747 [Worker-12: Launching FetchJeepTest] INFO  o.e.m.c.i.embedder.EclipseLogger - Using 'UTF-8' encoding to copy filtered properties files.
2022-09-28 22:44:57,756 [Worker-12: Launching FetchJeepTest] INFO  o.e.m.c.i.embedder.EclipseLogger - Copying 3 resources
2022-09-28 22:46:17,831 [Worker-19: Launching FetchJeepTest] INFO  o.e.m.c.i.embedder.EclipseLogger - Using 'UTF-8' encoding to copy filtered resources.
2022-09-28 22:46:17,833 [Worker-19: Launching FetchJeepTest] INFO  o.e.m.c.i.embedder.EclipseLogger - Using 'UTF-8' encoding to copy filtered properties files.
2022-09-28 22:46:17,835 [Worker-19: Launching FetchJeepTest] INFO  o.e.m.c.i.embedder.EclipseLogger - Copying 0 resource
2022-09-28 22:46:17,836 [Worker-19: Launching FetchJeepTest] INFO  o.e.m.c.i.embedder.EclipseLogger - Copying 0 resource
2022-09-28 22:46:17,863 [Worker-19: Launching FetchJeepTest] INFO  o.e.m.c.i.embedder.EclipseLogger - Using 'UTF-8' encoding to copy filtered resources.
2022-09-28 22:46:17,863 [Worker-19: Launching FetchJeepTest] INFO  o.e.m.c.i.embedder.EclipseLogger - Using 'UTF-8' encoding to copy filtered properties files.
2022-09-28 22:46:17,873 [Worker-19: Launching FetchJeepTest] INFO  o.e.m.c.i.embedder.EclipseLogger - Copying 3 resources
2022-09-28 22:56:06,145 [Worker-21: Building] INFO  o.e.m.c.i.embedder.EclipseLogger - Using 'UTF-8' encoding to copy filtered resources.
2022-09-28 22:56:06,159 [Worker-21: Building] INFO  o.e.m.c.i.embedder.EclipseLogger - Using 'UTF-8' encoding to copy filtered properties files.
2022-09-28 22:56:06,162 [Worker-21: Building] INFO  o.e.m.c.i.embedder.EclipseLogger - Copying 0 resource
2022-09-28 22:56:06,165 [Worker-21: Building] INFO  o.e.m.c.i.embedder.EclipseLogger - Copying 0 resource
2022-09-28 22:56:06,177 [Worker-21: Building] INFO  o.e.m.c.i.embedder.EclipseLogger - Using 'UTF-8' encoding to copy filtered resources.
2022-09-28 22:56:06,178 [Worker-21: Building] INFO  o.e.m.c.i.embedder.EclipseLogger - Using 'UTF-8' encoding to copy filtered properties files.
2022-09-28 22:56:06,179 [Worker-21: Building] INFO  o.e.m.c.i.embedder.EclipseLogger - Copying 0 resource
2022-09-28 22:58:20,287 [Worker-17: Building] INFO  o.e.m.c.i.embedder.EclipseLogger - Using 'UTF-8' encoding to copy filtered resources.
2022-09-28 22:58:20,288 [Worker-17: Building] INFO  o.e.m.c.i.embedder.EclipseLogger - Using 'UTF-8' encoding to copy filtered properties files.
2022-09-28 22:58:20,291 [Worker-17: Building] INFO  o.e.m.c.i.embedder.EclipseLogger - Copying 0 resource
2022-09-28 22:58:20,292 [Worker-17: Building] INFO  o.e.m.c.i.embedder.EclipseLogger - Copying 0 resource
2022-09-28 22:58:20,311 [Worker-17: Building] INFO  o.e.m.c.i.embedder.EclipseLogger - Using 'UTF-8' encoding to copy filtered resources.
2022-09-28 22:58:20,312 [Worker-17: Building] INFO  o.e.m.c.i.embedder.EclipseLogger - Using 'UTF-8' encoding to copy filtered properties files.
2022-09-28 22:58:20,326 [Worker-17: Building] INFO  o.e.m.c.i.embedder.EclipseLogger - Copying 3 resources
2022-09-28 23:00:00,902 [Worker-24: Launching FetchJeepTest] INFO  o.e.m.c.i.embedder.EclipseLogger - Using 'UTF-8' encoding to copy filtered resources.
2022-09-28 23:00:00,903 [Worker-24: Launching FetchJeepTest] INFO  o.e.m.c.i.embedder.EclipseLogger - Using 'UTF-8' encoding to copy filtered properties files.
2022-09-28 23:00:00,905 [Worker-24: Launching FetchJeepTest] INFO  o.e.m.c.i.embedder.EclipseLogger - Copying 0 resource
2022-09-28 23:00:00,906 [Worker-24: Launching FetchJeepTest] INFO  o.e.m.c.i.embedder.EclipseLogger - Copying 0 resource
2022-09-28 23:00:00,926 [Worker-24: Launching FetchJeepTest] INFO  o.e.m.c.i.embedder.EclipseLogger - Using 'UTF-8' encoding to copy filtered resources.
2022-09-28 23:00:00,926 [Worker-24: Launching FetchJeepTest] INFO  o.e.m.c.i.embedder.EclipseLogger - Using 'UTF-8' encoding to copy filtered properties files.
2022-09-28 23:00:00,934 [Worker-24: Launching FetchJeepTest] INFO  o.e.m.c.i.embedder.EclipseLogger - Copying 3 resources
2022-09-28 23:00:55,885 [Worker-23: Launching FetchJeepTest] INFO  o.e.m.c.i.embedder.EclipseLogger - Using 'UTF-8' encoding to copy filtered resources.
2022-09-28 23:00:55,887 [Worker-23: Launching FetchJeepTest] INFO  o.e.m.c.i.embedder.EclipseLogger - Using 'UTF-8' encoding to copy filtered properties files.
2022-09-28 23:00:55,888 [Worker-23: Launching FetchJeepTest] INFO  o.e.m.c.i.embedder.EclipseLogger - Copying 0 resource
2022-09-28 23:00:55,889 [Worker-23: Launching FetchJeepTest] INFO  o.e.m.c.i.embedder.EclipseLogger - Copying 0 resource
2022-09-28 23:00:55,925 [Worker-23: Launching FetchJeepTest] INFO  o.e.m.c.i.embedder.EclipseLogger - Using 'UTF-8' encoding to copy filtered resources.
2022-09-28 23:00:55,926 [Worker-23: Launching FetchJeepTest] INFO  o.e.m.c.i.embedder.EclipseLogger - Using 'UTF-8' encoding to copy filtered properties files.
2022-09-28 23:00:55,935 [Worker-23: Launching FetchJeepTest] INFO  o.e.m.c.i.embedder.EclipseLogger - Copying 3 resources
2022-09-28 23:03:49,083 [Worker-23: Launching FetchJeepTest] INFO  o.e.m.c.i.embedder.EclipseLogger - Using 'UTF-8' encoding to copy filtered resources.
2022-09-28 23:03:49,116 [Worker-23: Launching FetchJeepTest] INFO  o.e.m.c.i.embedder.EclipseLogger - Using 'UTF-8' encoding to copy filtered properties files.
2022-09-28 23:03:49,149 [Worker-23: Launching FetchJeepTest] INFO  o.e.m.c.i.embedder.EclipseLogger - Copying 0 resource
2022-09-28 23:03:49,153 [Worker-23: Launching FetchJeepTest] INFO  o.e.m.c.i.embedder.EclipseLogger - Copying 0 resource
2022-09-28 23:03:49,169 [Worker-23: Launching FetchJeepTest] INFO  o.e.m.c.i.embedder.EclipseLogger - Using 'UTF-8' encoding to copy filtered resources.
2022-09-28 23:03:49,170 [Worker-23: Launching FetchJeepTest] INFO  o.e.m.c.i.embedder.EclipseLogger - Using 'UTF-8' encoding to copy filtered properties files.
2022-09-28 23:03:49,178 [Worker-23: Launching FetchJeepTest] INFO  o.e.m.c.i.embedder.EclipseLogger - Copying 3 resources
2022-09-28 23:05:53,815 [Worker-27: Launching FetchJeepTest] INFO  o.e.m.c.i.embedder.EclipseLogger - Using 'UTF-8' encoding to copy filtered resources.
2022-09-28 23:05:53,816 [Worker-27: Launching FetchJeepTest] INFO  o.e.m.c.i.embedder.EclipseLogger - Using 'UTF-8' encoding to copy filtered properties files.
2022-09-28 23:05:53,818 [Worker-27: Launching FetchJeepTest] INFO  o.e.m.c.i.embedder.EclipseLogger - Copying 0 resource
2022-09-28 23:05:53,819 [Worker-27: Launching FetchJeepTest] INFO  o.e.m.c.i.embedder.EclipseLogger - Copying 0 resource
2022-09-28 23:05:53,831 [Worker-27: Launching FetchJeepTest] INFO  o.e.m.c.i.embedder.EclipseLogger - Using 'UTF-8' encoding to copy filtered resources.
2022-09-28 23:05:53,832 [Worker-27: Launching FetchJeepTest] INFO  o.e.m.c.i.embedder.EclipseLogger - Using 'UTF-8' encoding to copy filtered properties files.
2022-09-28 23:05:53,838 [Worker-27: Launching FetchJeepTest] INFO  o.e.m.c.i.embedder.EclipseLogger - Copying 3 resources
2022-09-28 23:10:32,136 [Worker-30: Launching FetchJeepTest] INFO  o.e.m.c.i.embedder.EclipseLogger - Using 'UTF-8' encoding to copy filtered resources.
2022-09-28 23:10:32,137 [Worker-30: Launching FetchJeepTest] INFO  o.e.m.c.i.embedder.EclipseLogger - Using 'UTF-8' encoding to copy filtered properties files.
2022-09-28 23:10:32,140 [Worker-30: Launching FetchJeepTest] INFO  o.e.m.c.i.embedder.EclipseLogger - Copying 0 resource
2022-09-28 23:10:32,142 [Worker-30: Launching FetchJeepTest] INFO  o.e.m.c.i.embedder.EclipseLogger - Copying 0 resource
2022-09-28 23:10:32,153 [Worker-30: Launching FetchJeepTest] INFO  o.e.m.c.i.embedder.EclipseLogger - Using 'UTF-8' encoding to copy filtered resources.
2022-09-28 23:10:32,154 [Worker-30: Launching FetchJeepTest] INFO  o.e.m.c.i.embedder.EclipseLogger - Using 'UTF-8' encoding to copy filtered properties files.
2022-09-28 23:10:32,162 [Worker-30: Launching FetchJeepTest] INFO  o.e.m.c.i.embedder.EclipseLogger - Copying 3 resources
2022-09-28 23:13:06,768 [Worker-34: Launching FetchJeepTest] INFO  o.e.m.c.i.embedder.EclipseLogger - Using 'UTF-8' encoding to copy filtered resources.
2022-09-28 23:13:06,773 [Worker-34: Launching FetchJeepTest] INFO  o.e.m.c.i.embedder.EclipseLogger - Using 'UTF-8' encoding to copy filtered properties files.
2022-09-28 23:13:06,775 [Worker-34: Launching FetchJeepTest] INFO  o.e.m.c.i.embedder.EclipseLogger - Copying 0 resource
2022-09-28 23:13:06,777 [Worker-34: Launching FetchJeepTest] INFO  o.e.m.c.i.embedder.EclipseLogger - Copying 0 resource
2022-09-28 23:13:06,807 [Worker-34: Launching FetchJeepTest] INFO  o.e.m.c.i.embedder.EclipseLogger - Using 'UTF-8' encoding to copy filtered resources.
2022-09-28 23:13:06,807 [Worker-34: Launching FetchJeepTest] INFO  o.e.m.c.i.embedder.EclipseLogger - Using 'UTF-8' encoding to copy filtered properties files.
2022-09-28 23:13:06,813 [Worker-34: Launching FetchJeepTest] INFO  o.e.m.c.i.embedder.EclipseLogger - Copying 3 resources
2022-09-28 23:15:45,104 [Worker-35: Building] INFO  o.e.m.c.i.embedder.EclipseLogger - Using 'UTF-8' encoding to copy filtered resources.
2022-09-28 23:15:45,106 [Worker-35: Building] INFO  o.e.m.c.i.embedder.EclipseLogger - Using 'UTF-8' encoding to copy filtered properties files.
2022-09-28 23:15:45,109 [Worker-35: Building] INFO  o.e.m.c.i.embedder.EclipseLogger - Copying 0 resource
2022-09-28 23:15:45,112 [Worker-35: Building] INFO  o.e.m.c.i.embedder.EclipseLogger - Copying 0 resource
2022-09-28 23:15:45,122 [Worker-35: Building] INFO  o.e.m.c.i.embedder.EclipseLogger - Using 'UTF-8' encoding to copy filtered resources.
2022-09-28 23:15:45,123 [Worker-35: Building] INFO  o.e.m.c.i.embedder.EclipseLogger - Using 'UTF-8' encoding to copy filtered properties files.
2022-09-28 23:15:45,130 [Worker-35: Building] INFO  o.e.m.c.i.embedder.EclipseLogger - Copying 3 resources
2022-09-28 23:18:36,198 [Worker-36: Launching FetchJeepTest] INFO  o.e.m.c.i.embedder.EclipseLogger - Using 'UTF-8' encoding to copy filtered resources.
2022-09-28 23:18:36,199 [Worker-36: Launching FetchJeepTest] INFO  o.e.m.c.i.embedder.EclipseLogger - Using 'UTF-8' encoding to copy filtered properties files.
2022-09-28 23:18:36,201 [Worker-36: Launching FetchJeepTest] INFO  o.e.m.c.i.embedder.EclipseLogger - Copying 0 resource
2022-09-28 23:18:36,203 [Worker-36: Launching FetchJeepTest] INFO  o.e.m.c.i.embedder.EclipseLogger - Copying 0 resource
2022-09-28 23:18:36,214 [Worker-36: Launching FetchJeepTest] INFO  o.e.m.c.i.embedder.EclipseLogger - Using 'UTF-8' encoding to copy filtered resources.
2022-09-28 23:18:36,215 [Worker-36: Launching FetchJeepTest] INFO  o.e.m.c.i.embedder.EclipseLogger - Using 'UTF-8' encoding to copy filtered properties files.
2022-09-28 23:18:36,221 [Worker-36: Launching FetchJeepTest] INFO  o.e.m.c.i.embedder.EclipseLogger - Copying 3 resources
2022-09-28 23:21:57,753 [Worker-32: Launching FetchJeepTest] INFO  o.e.m.c.i.embedder.EclipseLogger - Using 'UTF-8' encoding to copy filtered resources.
2022-09-28 23:21:57,754 [Worker-32: Launching FetchJeepTest] INFO  o.e.m.c.i.embedder.EclipseLogger - Using 'UTF-8' encoding to copy filtered properties files.
2022-09-28 23:21:57,756 [Worker-32: Launching FetchJeepTest] INFO  o.e.m.c.i.embedder.EclipseLogger - Copying 0 resource
2022-09-28 23:21:57,757 [Worker-32: Launching FetchJeepTest] INFO  o.e.m.c.i.embedder.EclipseLogger - Copying 0 resource
2022-09-28 23:21:57,779 [Worker-32: Launching FetchJeepTest] INFO  o.e.m.c.i.embedder.EclipseLogger - Using 'UTF-8' encoding to copy filtered resources.
2022-09-28 23:21:57,780 [Worker-32: Launching FetchJeepTest] INFO  o.e.m.c.i.embedder.EclipseLogger - Using 'UTF-8' encoding to copy filtered properties files.
2022-09-28 23:21:57,788 [Worker-32: Launching FetchJeepTest] INFO  o.e.m.c.i.embedder.EclipseLogger - Copying 3 resources
2022-09-28 23:26:42,807 [Worker-39: Building] INFO  o.e.m.c.i.embedder.EclipseLogger - Using 'UTF-8' encoding to copy filtered resources.
2022-09-28 23:26:42,808 [Worker-39: Building] INFO  o.e.m.c.i.embedder.EclipseLogger - Using 'UTF-8' encoding to copy filtered properties files.
2022-09-28 23:26:42,811 [Worker-39: Building] INFO  o.e.m.c.i.embedder.EclipseLogger - Copying 0 resource
2022-09-28 23:26:42,814 [Worker-39: Building] INFO  o.e.m.c.i.embedder.EclipseLogger - Copying 0 resource
2022-09-28 23:26:42,839 [Worker-39: Building] INFO  o.e.m.c.i.embedder.EclipseLogger - Using 'UTF-8' encoding to copy filtered resources.
2022-09-28 23:26:42,840 [Worker-39: Building] INFO  o.e.m.c.i.embedder.EclipseLogger - Using 'UTF-8' encoding to copy filtered properties files.
2022-09-28 23:26:42,843 [Worker-39: Building] INFO  o.e.m.c.i.embedder.EclipseLogger - Copying 0 resource
2022-09-28 23:27:49,976 [Worker-42: Building] INFO  o.e.m.c.i.embedder.EclipseLogger - Using 'UTF-8' encoding to copy filtered resources.
2022-09-28 23:27:49,977 [Worker-42: Building] INFO  o.e.m.c.i.embedder.EclipseLogger - Using 'UTF-8' encoding to copy filtered properties files.
2022-09-28 23:27:49,979 [Worker-42: Building] INFO  o.e.m.c.i.embedder.EclipseLogger - Copying 0 resource
2022-09-28 23:27:49,983 [Worker-42: Building] INFO  o.e.m.c.i.embedder.EclipseLogger - Copying 0 resource
2022-09-28 23:27:49,994 [Worker-42: Building] INFO  o.e.m.c.i.embedder.EclipseLogger - Using 'UTF-8' encoding to copy filtered resources.
2022-09-28 23:27:49,995 [Worker-42: Building] INFO  o.e.m.c.i.embedder.EclipseLogger - Using 'UTF-8' encoding to copy filtered properties files.
2022-09-28 23:27:49,996 [Worker-42: Building] INFO  o.e.m.c.i.embedder.EclipseLogger - Copying 0 resource
2022-09-28 23:52:38,099 [Worker-41: Building] INFO  o.e.m.c.i.l.LifecycleMappingFactory - Using org.eclipse.m2e.jdt.JarLifecycleMapping lifecycle mapping for MavenProject: com.promineotech:jeep-sales:0.0.1-SNAPSHOT @ C:\Users\nicho\eclipse-workspace\Spring-Boot\jeep-sales\pom.xml.
2022-09-28 23:52:45,672 [Worker-41: Building] INFO  o.e.m.c.i.embedder.EclipseLogger - Using 'UTF-8' encoding to copy filtered resources.
2022-09-28 23:52:45,674 [Worker-41: Building] INFO  o.e.m.c.i.embedder.EclipseLogger - Using 'UTF-8' encoding to copy filtered properties files.
2022-09-28 23:52:45,684 [Worker-41: Building] INFO  o.e.m.c.i.embedder.EclipseLogger - Copying 0 resource
2022-09-28 23:52:45,687 [Worker-41: Building] INFO  o.e.m.c.i.embedder.EclipseLogger - Copying 0 resource
2022-09-28 23:52:45,697 [Worker-41: Building] INFO  o.e.m.c.i.embedder.EclipseLogger - Using 'UTF-8' encoding to copy filtered resources.
2022-09-28 23:52:45,698 [Worker-41: Building] INFO  o.e.m.c.i.embedder.EclipseLogger - Using 'UTF-8' encoding to copy filtered properties files.
2022-09-28 23:52:45,699 [Worker-41: Building] INFO  o.e.m.c.i.embedder.EclipseLogger - Copying 0 resource
2022-09-29 17:32:48,433 [Worker-1: Loading available Gradle versions] INFO  o.e.b.c.i.u.g.PublishedGradleVersions - Gradle version information cache is up-to-date. Trying to read.
2022-09-29 17:33:22,648 [Worker-5: Building] INFO  o.e.m.c.i.l.LifecycleMappingFactory - Using org.eclipse.m2e.jdt.JarLifecycleMapping lifecycle mapping for MavenProject: com.promineotech:jeep-sales:0.0.1-SNAPSHOT @ C:\Users\nicho\eclipse-workspace\Spring-Boot\jeep-sales\pom.xml.
2022-09-29 17:33:44,082 [Worker-5: Building] INFO  o.e.m.c.i.embedder.EclipseLogger - Using 'UTF-8' encoding to copy filtered resources.
2022-09-29 17:33:44,083 [Worker-5: Building] INFO  o.e.m.c.i.embedder.EclipseLogger - Using 'UTF-8' encoding to copy filtered properties files.
2022-09-29 17:33:44,102 [Worker-5: Building] INFO  o.e.m.c.i.embedder.EclipseLogger - Copying 0 resource
2022-09-29 17:33:44,105 [Worker-5: Building] INFO  o.e.m.c.i.embedder.EclipseLogger - Copying 0 resource
2022-09-29 17:33:44,126 [Worker-5: Building] INFO  o.e.m.c.i.embedder.EclipseLogger - Using 'UTF-8' encoding to copy filtered resources.
2022-09-29 17:33:44,127 [Worker-5: Building] INFO  o.e.m.c.i.embedder.EclipseLogger - Using 'UTF-8' encoding to copy filtered properties files.
2022-09-29 17:33:44,130 [Worker-5: Building] INFO  o.e.m.c.i.embedder.EclipseLogger - Copying 3 resources
2022-09-29 18:10:07,645 [Worker-0: Loading available Gradle versions] INFO  o.e.b.c.i.u.g.PublishedGradleVersions - Gradle version information cache is up-to-date. Trying to read.
2022-09-29 18:11:23,101 [Worker-4: Building] INFO  o.e.m.c.i.l.LifecycleMappingFactory - Using org.eclipse.m2e.jdt.JarLifecycleMapping lifecycle mapping for MavenProject: com.promineotech:jeep-sales:0.0.1-SNAPSHOT @ C:\Users\nicho\eclipse-workspace\Spring-Boot\jeep-sales\pom.xml.
2022-09-29 18:11:57,719 [Worker-4: Building] INFO  o.e.m.c.i.embedder.EclipseLogger - Using 'UTF-8' encoding to copy filtered resources.
2022-09-29 18:11:57,721 [Worker-4: Building] INFO  o.e.m.c.i.embedder.EclipseLogger - Using 'UTF-8' encoding to copy filtered properties files.
2022-09-29 18:11:57,750 [Worker-4: Building] INFO  o.e.m.c.i.embedder.EclipseLogger - Copying 0 resource
2022-09-29 18:11:57,754 [Worker-4: Building] INFO  o.e.m.c.i.embedder.EclipseLogger - Copying 0 resource
2022-09-29 18:11:57,774 [Worker-4: Building] INFO  o.e.m.c.i.embedder.EclipseLogger - Using 'UTF-8' encoding to copy filtered resources.
2022-09-29 18:11:57,775 [Worker-4: Building] INFO  o.e.m.c.i.embedder.EclipseLogger - Using 'UTF-8' encoding to copy filtered properties files.
2022-09-29 18:11:57,779 [Worker-4: Building] INFO  o.e.m.c.i.embedder.EclipseLogger - Copying 3 resources
2022-09-29 18:24:39,647 [Worker-7: Building] INFO  o.e.m.c.i.embedder.EclipseLogger - Using 'UTF-8' encoding to copy filtered resources.
2022-09-29 18:24:39,648 [Worker-7: Building] INFO  o.e.m.c.i.embedder.EclipseLogger - Using 'UTF-8' encoding to copy filtered properties files.
2022-09-29 18:24:39,661 [Worker-7: Building] INFO  o.e.m.c.i.embedder.EclipseLogger - Copying 0 resource
2022-09-29 18:24:39,666 [Worker-7: Building] INFO  o.e.m.c.i.embedder.EclipseLogger - Copying 0 resource
2022-09-29 18:24:39,680 [Worker-7: Building] INFO  o.e.m.c.i.embedder.EclipseLogger - Using 'UTF-8' encoding to copy filtered resources.
2022-09-29 18:24:39,680 [Worker-7: Building] INFO  o.e.m.c.i.embedder.EclipseLogger - Using 'UTF-8' encoding to copy filtered properties files.
2022-09-29 18:24:39,681 [Worker-7: Building] INFO  o.e.m.c.i.embedder.EclipseLogger - Copying 0 resource
2022-09-29 18:26:09,264 [Worker-14: Building] INFO  o.e.m.c.i.embedder.EclipseLogger - Using 'UTF-8' encoding to copy filtered resources.
2022-09-29 18:26:09,265 [Worker-14: Building] INFO  o.e.m.c.i.embedder.EclipseLogger - Using 'UTF-8' encoding to copy filtered properties files.
2022-09-29 18:26:09,269 [Worker-14: Building] INFO  o.e.m.c.i.embedder.EclipseLogger - Copying 0 resource
2022-09-29 18:26:09,273 [Worker-14: Building] INFO  o.e.m.c.i.embedder.EclipseLogger - Copying 0 resource
2022-09-29 18:26:09,308 [Worker-14: Building] INFO  o.e.m.c.i.embedder.EclipseLogger - Using 'UTF-8' encoding to copy filtered resources.
2022-09-29 18:26:09,308 [Worker-14: Building] INFO  o.e.m.c.i.embedder.EclipseLogger - Using 'UTF-8' encoding to copy filtered properties files.
2022-09-29 18:26:09,311 [Worker-14: Building] INFO  o.e.m.c.i.embedder.EclipseLogger - Copying 0 resource
2022-09-29 18:29:10,912 [Worker-5: Building] INFO  o.e.m.c.i.embedder.EclipseLogger - Using 'UTF-8' encoding to copy filtered resources.
2022-09-29 18:29:10,913 [Worker-5: Building] INFO  o.e.m.c.i.embedder.EclipseLogger - Using 'UTF-8' encoding to copy filtered properties files.
2022-09-29 18:29:10,916 [Worker-5: Building] INFO  o.e.m.c.i.embedder.EclipseLogger - Copying 0 resource
2022-09-29 18:29:10,919 [Worker-5: Building] INFO  o.e.m.c.i.embedder.EclipseLogger - Copying 0 resource
2022-09-29 18:29:10,931 [Worker-5: Building] INFO  o.e.m.c.i.embedder.EclipseLogger - Using 'UTF-8' encoding to copy filtered resources.
2022-09-29 18:29:10,932 [Worker-5: Building] INFO  o.e.m.c.i.embedder.EclipseLogger - Using 'UTF-8' encoding to copy filtered properties files.
2022-09-29 18:29:10,933 [Worker-5: Building] INFO  o.e.m.c.i.embedder.EclipseLogger - Copying 0 resource
2022-09-29 18:32:59,239 [Worker-13: Building] INFO  o.e.m.c.i.embedder.EclipseLogger - Using 'UTF-8' encoding to copy filtered resources.
2022-09-29 18:32:59,240 [Worker-13: Building] INFO  o.e.m.c.i.embedder.EclipseLogger - Using 'UTF-8' encoding to copy filtered properties files.
2022-09-29 18:32:59,244 [Worker-13: Building] INFO  o.e.m.c.i.embedder.EclipseLogger - Copying 0 resource
2022-09-29 18:32:59,276 [Worker-13: Building] INFO  o.e.m.c.i.embedder.EclipseLogger - Copying 0 resource
2022-09-29 18:32:59,287 [Worker-13: Building] INFO  o.e.m.c.i.embedder.EclipseLogger - Using 'UTF-8' encoding to copy filtered resources.
2022-09-29 18:32:59,288 [Worker-13: Building] INFO  o.e.m.c.i.embedder.EclipseLogger - Using 'UTF-8' encoding to copy filtered properties files.
2022-09-29 18:32:59,290 [Worker-13: Building] INFO  o.e.m.c.i.embedder.EclipseLogger - Copying 0 resource
2022-09-29 18:33:58,758 [Worker-16: Building] INFO  o.e.m.c.i.embedder.EclipseLogger - Using 'UTF-8' encoding to copy filtered resources.
2022-09-29 18:33:58,759 [Worker-16: Building] INFO  o.e.m.c.i.embedder.EclipseLogger - Using 'UTF-8' encoding to copy filtered properties files.
2022-09-29 18:33:58,762 [Worker-16: Building] INFO  o.e.m.c.i.embedder.EclipseLogger - Copying 0 resource
2022-09-29 18:33:58,765 [Worker-16: Building] INFO  o.e.m.c.i.embedder.EclipseLogger - Copying 0 resource
2022-09-29 18:33:58,776 [Worker-16: Building] INFO  o.e.m.c.i.embedder.EclipseLogger - Using 'UTF-8' encoding to copy filtered resources.
2022-09-29 18:33:58,776 [Worker-16: Building] INFO  o.e.m.c.i.embedder.EclipseLogger - Using 'UTF-8' encoding to copy filtered properties files.
2022-09-29 18:33:58,778 [Worker-16: Building] INFO  o.e.m.c.i.embedder.EclipseLogger - Copying 0 resource
2022-09-29 18:42:41,145 [Worker-5: Launching FetchJeepTest] INFO  o.e.m.c.i.embedder.EclipseLogger - Using 'UTF-8' encoding to copy filtered resources.
2022-09-29 18:42:41,150 [Worker-5: Launching FetchJeepTest] INFO  o.e.m.c.i.embedder.EclipseLogger - Using 'UTF-8' encoding to copy filtered properties files.
2022-09-29 18:42:41,154 [Worker-5: Launching FetchJeepTest] INFO  o.e.m.c.i.embedder.EclipseLogger - Copying 0 resource
2022-09-29 18:42:41,156 [Worker-5: Launching FetchJeepTest] INFO  o.e.m.c.i.embedder.EclipseLogger - Copying 0 resource
2022-09-29 18:42:41,170 [Worker-5: Launching FetchJeepTest] INFO  o.e.m.c.i.embedder.EclipseLogger - Using 'UTF-8' encoding to copy filtered resources.
2022-09-29 18:42:41,171 [Worker-5: Launching FetchJeepTest] INFO  o.e.m.c.i.embedder.EclipseLogger - Using 'UTF-8' encoding to copy filtered properties files.
2022-09-29 18:42:41,183 [Worker-5: Launching FetchJeepTest] INFO  o.e.m.c.i.embedder.EclipseLogger - Copying 3 resources
2022-09-29 18:45:00,812 [Worker-18: Launching FetchJeepTest] INFO  o.e.m.c.i.embedder.EclipseLogger - Using 'UTF-8' encoding to copy filtered resources.
2022-09-29 18:45:00,813 [Worker-18: Launching FetchJeepTest] INFO  o.e.m.c.i.embedder.EclipseLogger - Using 'UTF-8' encoding to copy filtered properties files.
2022-09-29 18:45:00,815 [Worker-18: Launching FetchJeepTest] INFO  o.e.m.c.i.embedder.EclipseLogger - Copying 0 resource
2022-09-29 18:45:00,817 [Worker-18: Launching FetchJeepTest] INFO  o.e.m.c.i.embedder.EclipseLogger - Copying 0 resource
2022-09-29 18:45:00,837 [Worker-18: Launching FetchJeepTest] INFO  o.e.m.c.i.embedder.EclipseLogger - Using 'UTF-8' encoding to copy filtered resources.
2022-09-29 18:45:00,838 [Worker-18: Launching FetchJeepTest] INFO  o.e.m.c.i.embedder.EclipseLogger - Using 'UTF-8' encoding to copy filtered properties files.
2022-09-29 18:45:00,845 [Worker-18: Launching FetchJeepTest] INFO  o.e.m.c.i.embedder.EclipseLogger - Copying 3 resources
2022-09-29 22:09:46,897 [Worker-0: Loading available Gradle versions] INFO  o.e.b.c.i.u.g.PublishedGradleVersions - Gradle version information cache is up-to-date. Trying to read.
2022-09-29 22:11:53,431 [Worker-3: Building] INFO  o.e.m.c.i.embedder.EclipseLogger - Using 'UTF-8' encoding to copy filtered resources.
2022-09-29 22:11:53,441 [Worker-3: Building] INFO  o.e.m.c.i.embedder.EclipseLogger - Using 'UTF-8' encoding to copy filtered properties files.
2022-09-29 22:11:53,484 [Worker-3: Building] INFO  o.e.m.c.i.embedder.EclipseLogger - Copying 0 resource
2022-09-29 22:11:53,497 [Worker-3: Building] INFO  o.e.m.c.i.embedder.EclipseLogger - Copying 0 resource
2022-09-29 22:11:53,582 [Worker-3: Building] INFO  o.e.m.c.i.embedder.EclipseLogger - Using 'UTF-8' encoding to copy filtered resources.
2022-09-29 22:11:53,583 [Worker-3: Building] INFO  o.e.m.c.i.embedder.EclipseLogger - Using 'UTF-8' encoding to copy filtered properties files.
2022-09-29 22:11:53,586 [Worker-3: Building] INFO  o.e.m.c.i.embedder.EclipseLogger - Copying 3 resources
2022-09-29 22:12:35,204 [Worker-11: Building] INFO  o.e.m.c.i.embedder.EclipseLogger - Using 'UTF-8' encoding to copy filtered resources.
2022-09-29 22:12:35,205 [Worker-11: Building] INFO  o.e.m.c.i.embedder.EclipseLogger - Using 'UTF-8' encoding to copy filtered properties files.
2022-09-29 22:12:35,212 [Worker-11: Building] INFO  o.e.m.c.i.embedder.EclipseLogger - Copying 0 resource
